# JRE version: Java(TM) SE Runtime Environment (8.0_161-b12) (build 1.8.0_161-b12)
# Java VM: Java HotSpot(TM) 64-Bit Server VM (25.161-b12 mixed mode windows-amd64 compressed oops)
Heap:
 PSYoungGen      total 109568K, used 70403K [0x00000000d5d80000, 0x00000000de700000, 0x0000000100000000)
  eden space 96768K, 60% used [0x00000000d5d80000,0x00000000d96dbe48,0x00000000dbc00000)
  from space 12800K, 91% used [0x00000000dbc00000,0x00000000dc764ff0,0x00000000dc880000)
  to   space 13824K, 0% used [0x00000000dd980000,0x00000000dd980000,0x00000000de700000)
 ParOldGen       total 96768K, used 19684K [0x0000000081800000, 0x0000000087680000, 0x00000000d5d80000)
  object space 96768K, 20% used [0x0000000081800000,0x0000000082b39358,0x0000000087680000)
 Metaspace       used 47736K, capacity 48922K, committed 49152K, reserved 1091584K
  class space    used 6539K, capacity 6846K, committed 6912K, reserved 1048576K
GC Heap History (10 events):
Event: 17.347 GC heap before
{Heap before GC invocations=9 (full 1):
 PSYoungGen      total 70144K, used 64488K [0x00000000d5d80000, 0x00000000dbd80000, 0x0000000100000000)
  eden space 59392K, 100% used [0x00000000d5d80000,0x00000000d9780000,0x00000000d9780000)
  from space 10752K, 47% used [0x00000000d9780000,0x00000000d9c7a248,0x00000000da200000)
  to   space 10752K, 0% used [0x00000000db300000,0x00000000db300000,0x00000000dbd80000)
 ParOldGen       total 59904K, used 7856K [0x0000000081800000, 0x0000000085280000, 0x00000000d5d80000)
  object space 59904K, 13% used [0x0000000081800000,0x0000000081fac3d8,0x0000000085280000)
 Metaspace       used 31484K, capacity 31962K, committed 32512K, reserved 1077248K
  class space    used 4312K, capacity 4512K, committed 4608K, reserved 1048576K
Event: 17.370 GC heap after
Heap after GC invocations=9 (full 1):
 PSYoungGen      total 87040K, used 8821K [0x00000000d5d80000, 0x00000000dc700000, 0x0000000100000000)
  eden space 76288K, 0% used [0x00000000d5d80000,0x00000000d5d80000,0x00000000da800000)
  from space 10752K, 82% used [0x00000000db300000,0x00000000dbb9d678,0x00000000dbd80000)
  to   space 11264K, 0% used [0x00000000da800000,0x00000000da800000,0x00000000db300000)
 ParOldGen       total 59904K, used 7864K [0x0000000081800000, 0x0000000085280000, 0x00000000d5d80000)
  object space 59904K, 13% used [0x0000000081800000,0x0000000081fae3d8,0x0000000085280000)
 Metaspace       used 31484K, capacity 31962K, committed 32512K, reserved 1077248K
  class space    used 4312K, capacity 4512K, committed 4608K, reserved 1048576K
}
Event: 19.120 GC heap before
{Heap before GC invocations=10 (full 1):
 PSYoungGen      total 87040K, used 66270K [0x00000000d5d80000, 0x00000000dc700000, 0x0000000100000000)
  eden space 76288K, 75% used [0x00000000d5d80000,0x00000000d959a1e8,0x00000000da800000)
  from space 10752K, 82% used [0x00000000db300000,0x00000000dbb9d678,0x00000000dbd80000)
  to   space 11264K, 0% used [0x00000000da800000,0x00000000da800000,0x00000000db300000)
 ParOldGen       total 59904K, used 7864K [0x0000000081800000, 0x0000000085280000, 0x00000000d5d80000)
  object space 59904K, 13% used [0x0000000081800000,0x0000000081fae3d8,0x0000000085280000)
 Metaspace       used 34574K, capacity 35116K, committed 35456K, reserved 1079296K
  class space    used 4720K, capacity 4895K, committed 4992K, reserved 1048576K
Event: 19.258 GC heap after
Heap after GC invocations=10 (full 1):
 PSYoungGen      total 87552K, used 11257K [0x00000000d5d80000, 0x00000000ddc00000, 0x0000000100000000)
  eden space 76288K, 0% used [0x00000000d5d80000,0x00000000d5d80000,0x00000000da800000)
  from space 11264K, 99% used [0x00000000da800000,0x00000000db2fe4c8,0x00000000db300000)
  to   space 13312K, 0% used [0x00000000dcf00000,0x00000000dcf00000,0x00000000ddc00000)
 ParOldGen       total 59904K, used 9046K [0x0000000081800000, 0x0000000085280000, 0x00000000d5d80000)
  object space 59904K, 15% used [0x0000000081800000,0x00000000820d5b08,0x0000000085280000)
 Metaspace       used 34574K, capacity 35116K, committed 35456K, reserved 1079296K
  class space    used 4720K, capacity 4895K, committed 4992K, reserved 1048576K
}
Event: 19.258 GC heap before
{Heap before GC invocations=11 (full 2):
 PSYoungGen      total 87552K, used 11257K [0x00000000d5d80000, 0x00000000ddc00000, 0x0000000100000000)
  eden space 76288K, 0% used [0x00000000d5d80000,0x00000000d5d80000,0x00000000da800000)
  from space 11264K, 99% used [0x00000000da800000,0x00000000db2fe4c8,0x00000000db300000)
  to   space 13312K, 0% used [0x00000000dcf00000,0x00000000dcf00000,0x00000000ddc00000)
 ParOldGen       total 59904K, used 9046K [0x0000000081800000, 0x0000000085280000, 0x00000000d5d80000)
  object space 59904K, 15% used [0x0000000081800000,0x00000000820d5b08,0x0000000085280000)
 Metaspace       used 34574K, capacity 35116K, committed 35456K, reserved 1079296K
  class space    used 4720K, capacity 4895K, committed 4992K, reserved 1048576K
Event: 19.771 GC heap after
Heap after GC invocations=11 (full 2):
 PSYoungGen      total 87552K, used 0K [0x00000000d5d80000, 0x00000000ddc00000, 0x0000000100000000)
  eden space 76288K, 0% used [0x00000000d5d80000,0x00000000d5d80000,0x00000000da800000)
  from space 11264K, 0% used [0x00000000da800000,0x00000000da800000,0x00000000db300000)
  to   space 13312K, 0% used [0x00000000dcf00000,0x00000000dcf00000,0x00000000ddc00000)
 ParOldGen       total 96768K, used 19604K [0x0000000081800000, 0x0000000087680000, 0x00000000d5d80000)
  object space 96768K, 20% used [0x0000000081800000,0x0000000082b25348,0x0000000087680000)
 Metaspace       used 34574K, capacity 35116K, committed 35456K, reserved 1079296K
  class space    used 4720K, capacity 4895K, committed 4992K, reserved 1048576K
}
Event: 23.355 GC heap before
{Heap before GC invocations=12 (full 2):
 PSYoungGen      total 87552K, used 76288K [0x00000000d5d80000, 0x00000000ddc00000, 0x0000000100000000)
  eden space 76288K, 100% used [0x00000000d5d80000,0x00000000da800000,0x00000000da800000)
  from space 11264K, 0% used [0x00000000da800000,0x00000000da800000,0x00000000db300000)
  to   space 13312K, 0% used [0x00000000dcf00000,0x00000000dcf00000,0x00000000ddc00000)
 ParOldGen       total 96768K, used 19604K [0x0000000081800000, 0x0000000087680000, 0x00000000d5d80000)
  object space 96768K, 20% used [0x0000000081800000,0x0000000082b25348,0x0000000087680000)
 Metaspace       used 40806K, capacity 41492K, committed 41984K, reserved 1085440K
  class space    used 5558K, capacity 5797K, committed 5888K, reserved 1048576K
Event: 23.371 GC heap after
Heap after GC invocations=12 (full 2):
 PSYoungGen      total 100352K, used 6083K [0x00000000d5d80000, 0x00000000dd500000, 0x0000000100000000)
  eden space 94208K, 0% used [0x00000000d5d80000,0x00000000d5d80000,0x00000000db980000)
  from space 6144K, 99% used [0x00000000dcf00000,0x00000000dd4f0e10,0x00000000dd500000)
  to   space 12800K, 0% used [0x00000000dbc00000,0x00000000dbc00000,0x00000000dc880000)
 ParOldGen       total 96768K, used 19612K [0x0000000081800000, 0x0000000087680000, 0x00000000d5d80000)
  object space 96768K, 20% used [0x0000000081800000,0x0000000082b27348,0x0000000087680000)
 Metaspace       used 40806K, capacity 41492K, committed 41984K, reserved 1085440K
  class space    used 5558K, capacity 5797K, committed 5888K, reserved 1048576K
}
Event: 26.954 GC heap before
{Heap before GC invocations=13 (full 2):
 PSYoungGen      total 100352K, used 100291K [0x00000000d5d80000, 0x00000000dd500000, 0x0000000100000000)
  eden space 94208K, 100% used [0x00000000d5d80000,0x00000000db980000,0x00000000db980000)
  from space 6144K, 99% used [0x00000000dcf00000,0x00000000dd4f0e10,0x00000000dd500000)
  to   space 12800K, 0% used [0x00000000dbc00000,0x00000000dbc00000,0x00000000dc880000)
 ParOldGen       total 96768K, used 19612K [0x0000000081800000, 0x0000000087680000, 0x00000000d5d80000)
  object space 96768K, 20% used [0x0000000081800000,0x0000000082b27348,0x0000000087680000)
 Metaspace       used 45761K, capacity 46866K, committed 47104K, reserved 1089536K
  class space    used 6265K, capacity 6576K, committed 6656K, reserved 1048576K
Event: 26.968 GC heap after
Heap after GC invocations=13 (full 2):
 PSYoungGen      total 109568K, used 11667K [0x00000000d5d80000, 0x00000000de700000, 0x0000000100000000)
  eden space 96768K, 0% used [0x00000000d5d80000,0x00000000d5d80000,0x00000000dbc00000)
  from space 12800K, 91% used [0x00000000dbc00000,0x00000000dc764ff0,0x00000000dc880000)
  to   space 13824K, 0% used [0x00000000dd980000,0x00000000dd980000,0x00000000de700000)
 ParOldGen       total 96768K, used 19684K [0x0000000081800000, 0x0000000087680000, 0x00000000d5d80000)
  object space 96768K, 20% used [0x0000000081800000,0x0000000082b39358,0x0000000087680000)
 Metaspace       used 45761K, capacity 46866K, committed 47104K, reserved 1089536K
  class space    used 6265K, capacity 6576K, committed 6656K, reserved 1048576K
}

