# JRE version: Java(TM) SE Runtime Environment (8.0_161-b12) (build 1.8.0_161-b12)
# Java VM: Java HotSpot(TM) 64-Bit Server VM (25.161-b12 mixed mode windows-amd64 compressed oops)
Heap:
 PSYoungGen      total 66560K, used 55216K [0x00000000d5d80000, 0x00000000de400000, 0x0000000100000000)
  eden space 61440K, 81% used [0x00000000d5d80000,0x00000000d8e70330,0x00000000d9980000)
  from space 5120K, 99% used [0x00000000da380000,0x00000000da87bd98,0x00000000da880000)
  to   space 10240K, 0% used [0x00000000d9980000,0x00000000d9980000,0x00000000da380000)
 ParOldGen       total 54272K, used 9680K [0x0000000081800000, 0x0000000084d00000, 0x00000000d5d80000)
  object space 54272K, 17% used [0x0000000081800000,0x0000000082174078,0x0000000084d00000)
 Metaspace       used 29210K, capacity 29700K, committed 30080K, reserved 1075200K
  class space    used 4021K, capacity 4205K, committed 4224K, reserved 1048576K
GC Heap History (10 events):
Event: 5.468 GC heap before
{Heap before GC invocations=3 (full 0):
 PSYoungGen      total 38400K, used 38370K [0x00000000d5d80000, 0x00000000da880000, 0x0000000100000000)
  eden space 33280K, 100% used [0x00000000d5d80000,0x00000000d7e00000,0x00000000d7e00000)
  from space 5120K, 99% used [0x00000000d8300000,0x00000000d87f89c8,0x00000000d8800000)
  to   space 5120K, 0% used [0x00000000d7e00000,0x00000000d7e00000,0x00000000d8300000)
 ParOldGen       total 87552K, used 221K [0x0000000081800000, 0x0000000086d80000, 0x00000000d5d80000)
  object space 87552K, 0% used [0x0000000081800000,0x00000000818376e8,0x0000000086d80000)
 Metaspace       used 17328K, capacity 17602K, committed 17920K, reserved 1064960K
  class space    used 2372K, capacity 2476K, committed 2560K, reserved 1048576K
Event: 5.490 GC heap after
Heap after GC invocations=3 (full 0):
 PSYoungGen      total 38400K, used 5104K [0x00000000d5d80000, 0x00000000da880000, 0x0000000100000000)
  eden space 33280K, 0% used [0x00000000d5d80000,0x00000000d5d80000,0x00000000d7e00000)
  from space 5120K, 99% used [0x00000000d7e00000,0x00000000d82fc030,0x00000000d8300000)
  to   space 5120K, 0% used [0x00000000da380000,0x00000000da380000,0x00000000da880000)
 ParOldGen       total 87552K, used 4512K [0x0000000081800000, 0x0000000086d80000, 0x00000000d5d80000)
  object space 87552K, 5% used [0x0000000081800000,0x0000000081c68248,0x0000000086d80000)
 Metaspace       used 17328K, capacity 17602K, committed 17920K, reserved 1064960K
  class space    used 2372K, capacity 2476K, committed 2560K, reserved 1048576K
}
Event: 7.282 GC heap before
{Heap before GC invocations=4 (full 0):
 PSYoungGen      total 38400K, used 38384K [0x00000000d5d80000, 0x00000000da880000, 0x0000000100000000)
  eden space 33280K, 100% used [0x00000000d5d80000,0x00000000d7e00000,0x00000000d7e00000)
  from space 5120K, 99% used [0x00000000d7e00000,0x00000000d82fc030,0x00000000d8300000)
  to   space 5120K, 0% used [0x00000000da380000,0x00000000da380000,0x00000000da880000)
 ParOldGen       total 87552K, used 4512K [0x0000000081800000, 0x0000000086d80000, 0x00000000d5d80000)
  object space 87552K, 5% used [0x0000000081800000,0x0000000081c68248,0x0000000086d80000)
 Metaspace       used 20622K, capacity 20858K, committed 21120K, reserved 1067008K
  class space    used 2827K, capacity 2898K, committed 2944K, reserved 1048576K
Event: 7.301 GC heap after
Heap after GC invocations=4 (full 0):
 PSYoungGen      total 71680K, used 5104K [0x00000000d5d80000, 0x00000000da880000, 0x0000000100000000)
  eden space 66560K, 0% used [0x00000000d5d80000,0x00000000d5d80000,0x00000000d9e80000)
  from space 5120K, 99% used [0x00000000da380000,0x00000000da87c020,0x00000000da880000)
  to   space 5120K, 0% used [0x00000000d9e80000,0x00000000d9e80000,0x00000000da380000)
 ParOldGen       total 87552K, used 8448K [0x0000000081800000, 0x0000000086d80000, 0x00000000d5d80000)
  object space 87552K, 9% used [0x0000000081800000,0x0000000082040280,0x0000000086d80000)
 Metaspace       used 20622K, capacity 20858K, committed 21120K, reserved 1067008K
  class space    used 2827K, capacity 2898K, committed 2944K, reserved 1048576K
}
Event: 7.505 GC heap before
{Heap before GC invocations=5 (full 0):
 PSYoungGen      total 71680K, used 7742K [0x00000000d5d80000, 0x00000000da880000, 0x0000000100000000)
  eden space 66560K, 3% used [0x00000000d5d80000,0x00000000d6013910,0x00000000d9e80000)
  from space 5120K, 99% used [0x00000000da380000,0x00000000da87c020,0x00000000da880000)
  to   space 5120K, 0% used [0x00000000d9e80000,0x00000000d9e80000,0x00000000da380000)
 ParOldGen       total 87552K, used 8448K [0x0000000081800000, 0x0000000086d80000, 0x00000000d5d80000)
  object space 87552K, 9% used [0x0000000081800000,0x0000000082040280,0x0000000086d80000)
 Metaspace       used 20941K, capacity 21158K, committed 21296K, reserved 1067008K
  class space    used 2867K, capacity 2934K, committed 2944K, reserved 1048576K
Event: 7.559 GC heap after
Heap after GC invocations=5 (full 0):
 PSYoungGen      total 71680K, used 5104K [0x00000000d5d80000, 0x00000000da880000, 0x0000000100000000)
  eden space 66560K, 0% used [0x00000000d5d80000,0x00000000d5d80000,0x00000000d9e80000)
  from space 5120K, 99% used [0x00000000d9e80000,0x00000000da37c020,0x00000000da380000)
  to   space 5120K, 0% used [0x00000000da380000,0x00000000da380000,0x00000000da880000)
 ParOldGen       total 87552K, used 8823K [0x0000000081800000, 0x0000000086d80000, 0x00000000d5d80000)
  object space 87552K, 10% used [0x0000000081800000,0x000000008209df98,0x0000000086d80000)
 Metaspace       used 20941K, capacity 21158K, committed 21296K, reserved 1067008K
  class space    used 2867K, capacity 2934K, committed 2944K, reserved 1048576K
}
Event: 7.559 GC heap before
{Heap before GC invocations=6 (full 1):
 PSYoungGen      total 71680K, used 5104K [0x00000000d5d80000, 0x00000000da880000, 0x0000000100000000)
  eden space 66560K, 0% used [0x00000000d5d80000,0x00000000d5d80000,0x00000000d9e80000)
  from space 5120K, 99% used [0x00000000d9e80000,0x00000000da37c020,0x00000000da380000)
  to   space 5120K, 0% used [0x00000000da380000,0x00000000da380000,0x00000000da880000)
 ParOldGen       total 87552K, used 8823K [0x0000000081800000, 0x0000000086d80000, 0x00000000d5d80000)
  object space 87552K, 10% used [0x0000000081800000,0x000000008209df98,0x0000000086d80000)
 Metaspace       used 20941K, capacity 21158K, committed 21296K, reserved 1067008K
  class space    used 2867K, capacity 2934K, committed 2944K, reserved 1048576K
Event: 7.673 GC heap after
Heap after GC invocations=6 (full 1):
 PSYoungGen      total 71680K, used 0K [0x00000000d5d80000, 0x00000000da880000, 0x0000000100000000)
  eden space 66560K, 0% used [0x00000000d5d80000,0x00000000d5d80000,0x00000000d9e80000)
  from space 5120K, 0% used [0x00000000d9e80000,0x00000000d9e80000,0x00000000da380000)
  to   space 5120K, 0% used [0x00000000da380000,0x00000000da380000,0x00000000da880000)
 ParOldGen       total 54272K, used 8463K [0x0000000081800000, 0x0000000084d00000, 0x00000000d5d80000)
  object space 54272K, 15% used [0x0000000081800000,0x0000000082043e60,0x0000000084d00000)
 Metaspace       used 20941K, capacity 21158K, committed 21296K, reserved 1067008K
  class space    used 2867K, capacity 2934K, committed 2944K, reserved 1048576K
}
Event: 10.116 GC heap before
{Heap before GC invocations=7 (full 1):
 PSYoungGen      total 71680K, used 66560K [0x00000000d5d80000, 0x00000000da880000, 0x0000000100000000)
  eden space 66560K, 100% used [0x00000000d5d80000,0x00000000d9e80000,0x00000000d9e80000)
  from space 5120K, 0% used [0x00000000d9e80000,0x00000000d9e80000,0x00000000da380000)
  to   space 5120K, 0% used [0x00000000da380000,0x00000000da380000,0x00000000da880000)
 ParOldGen       total 54272K, used 8463K [0x0000000081800000, 0x0000000084d00000, 0x00000000d5d80000)
  object space 54272K, 15% used [0x0000000081800000,0x0000000082043e60,0x0000000084d00000)
 Metaspace       used 26645K, capacity 27048K, committed 27520K, reserved 1073152K
  class space    used 3718K, capacity 3855K, committed 3968K, reserved 1048576K
Event: 10.127 GC heap after
Heap after GC invocations=7 (full 1):
 PSYoungGen      total 66560K, used 5103K [0x00000000d5d80000, 0x00000000de400000, 0x0000000100000000)
  eden space 61440K, 0% used [0x00000000d5d80000,0x00000000d5d80000,0x00000000d9980000)
  from space 5120K, 99% used [0x00000000da380000,0x00000000da87bd98,0x00000000da880000)
  to   space 10240K, 0% used [0x00000000d9980000,0x00000000d9980000,0x00000000da380000)
 ParOldGen       total 54272K, used 9680K [0x0000000081800000, 0x0000000084d00000, 0x00000000d5d80000)
  object space 54272K, 17% used [0x0000000081800000,0x0000000082174078,0x0000000084d00000)
 Metaspace       used 26645K, capacity 27048K, committed 27520K, reserved 1073152K
  class space    used 3718K, capacity 3855K, committed 3968K, reserved 1048576K
}

